#
# There is insufficient memory for the Java Runtime Environment to continue.
# Native memory allocation (mmap) failed to map 5726666752 bytes for committing reserved memory.
# Possible reasons:
#   The system is out of physical RAM or swap space
#   The process is running with CompressedOops enabled, and the Java Heap may be blocking the growth of the native heap
# Possible solutions:
#   Reduce memory load on the system
#   Increase physical memory or swap space
#   Check if swap backing store is full
#   Decrease Java heap size (-Xmx/-Xms)
#   Decrease number of Java threads
#   Decrease Java thread stack sizes (-Xss)
#   Set larger code cache with -XX:ReservedCodeCacheSize=
# This output file may be truncated or incomplete.
#
#  Out of Memory Error (os_linux.cpp:2718), pid=186, tid=187
#
# JRE version:  (11.0.3+12) (build )
# Java VM: OpenJDK 64-Bit Server VM (11.0.3+12-b304.56, mixed mode, aot, sharing, tiered, compressed oops, serial gc, linux-amd64)
# Core dump will be written. Default location: Core dumps may be processed with "/lib/systemd/systemd-coredump %P %u %g %s %t 9223372036854775808 %e" (or dumping to /home/curtis/IdeaProjects/ThreeSum/core.186)
#

---------------  S U M M A R Y ------------

Command Line: -Djava.io.tmpdir=/home/curtis/.var/app/com.jetbrains.IntelliJ-IDEA-Community/cache/tmp/ -Xms8g -Xmx8g -javaagent:/app/idea-IC/lib/idea_rt.jar=41163:/app/idea-IC/bin -Dfile.encoding=UTF-8 csc482.ThreeSum

Host: Intel(R) Core(TM) i5-6200U CPU @ 2.30GHz, 1 cores, 3G, Freedesktop.org 18.08.36 (Flatpak runtime)
Time: Tue Oct  1 17:56:13 2019 CDT elapsed time: 0 seconds (0d 0h 0m 0s)

---------------  T H R E A D  ---------------

Current thread (0x00007f3d68012000):  JavaThread "Unknown thread" [_thread_in_vm, id=187, stack(0x00007f3d6f929000,0x00007f3d6fa2a000)]

Stack: [0x00007f3d6f929000,0x00007f3d6fa2a000],  sp=0x00007f3d6fa28370,  free space=1020k
Native frames: (J=compiled Java code, A=aot compiled Java code, j=interpreted, Vv=VM code, C=native code)
V  [libjvm.so+0xd96b9a]
V  [libjvm.so+0xd97a33]
V  [libjvm.so+0x698cb8]
V  [libjvm.so+0xb9d8fa]
V  [libjvm.so+0xb9527f]
V  [libjvm.so+0xd8fc9b]
V  [libjvm.so+0x7dfebc]
V  [libjvm.so+0x57488c]
V  [libjvm.so+0xd2d39e]
V  [libjvm.so+0x7e0a08]
V  [libjvm.so+0x7cfd08]
V  [libjvm.so+0xd5a311]
V  [libjvm.so+0xd5a5c1]
V  [libjvm.so+0x82721f]
V  [libjvm.so+0xd37c2c]
V  [libjvm.so+0x8cea9c]  JNI_CreateJavaVM+0x5c
C  [libjli.so+0x4814]


---------------  P R O C E S S  ---------------

Threads class SMR info:
_java_thread_list=0x000000000195ffd0, length=0, elements={
}

Java Threads: ( => current thread )

Other Threads:

=>0x00007f3d68012000 (exited) JavaThread "Unknown thread" [_thread_in_vm, id=187, stack(0x00007f3d6f929000,0x00007f3d6fa2a000)]

Threads with active compile tasks:

VM state:not at safepoint (not fully initialized)

VM Mutex/Monitor currently owned by a thread: None

Heap address: 0x0000000600000000, size: 8192 MB, Compressed Oops mode: Non-zero based: 0x0000000600000000
Narrow klass base: 0x0000000000000000, Narrow klass shift: 0

GC Heap History (0 events):
No events

Deoptimization events (0 events):
No events

Classes redefined (0 events):
No events

Internal exceptions (0 events):
No events

Events (0 events):
No events


Dynamic libraries:
00400000-00401000 r-xp 00000000 08:01 938970                             /app/idea-IC/jbr/bin/java
00601000-00602000 r--p 00001000 08:01 938970                             /app/idea-IC/jbr/bin/java
00602000-00603000 rw-p 00002000 08:01 938970                             /app/idea-IC/jbr/bin/java
01948000-01969000 rw-p 00000000 00:00 0                                  [heap]
600000000-6aaaa0000 rw-p 00000000 00:00 0 
7f3d55164000-7f3d553d4000 rwxp 00000000 00:00 0 
7f3d553d4000-7f3d556f3000 ---p 00000000 00:00 0 
7f3d556f3000-7f3d55963000 rwxp 00000000 00:00 0 
7f3d55963000-7f3d5cc2b000 ---p 00000000 00:00 0 
7f3d5cc2b000-7f3d5ce9b000 rwxp 00000000 00:00 0 
7f3d5ce9b000-7f3d64164000 ---p 00000000 00:00 0 
7f3d64164000-7f3d68000000 r--s 00000000 08:01 939101                     /app/idea-IC/jbr/lib/modules
7f3d68000000-7f3d6802e000 rw-p 00000000 00:00 0 
7f3d6802e000-7f3d6c000000 ---p 00000000 00:00 0 
7f3d6dcce000-7f3d6e224000 rw-p 00000000 00:00 0 
7f3d6e224000-7f3d6ecce000 ---p 00000000 00:00 0 
7f3d6ecce000-7f3d6ecd4000 rw-p 00000000 00:00 0 
7f3d6ecd4000-7f3d6edba000 ---p 00000000 00:00 0 
7f3d6edba000-7f3d6edbf000 rw-p 00000000 00:00 0 
7f3d6edbf000-7f3d6eea5000 ---p 00000000 00:00 0 
7f3d6eea5000-7f3d6eeaa000 r-xp 00000000 08:01 939062                     /app/idea-IC/jbr/lib/libjimage.so
7f3d6eeaa000-7f3d6f0aa000 ---p 00005000 08:01 939062                     /app/idea-IC/jbr/lib/libjimage.so
7f3d6f0aa000-7f3d6f0ab000 r--p 00005000 08:01 939062                     /app/idea-IC/jbr/lib/libjimage.so
7f3d6f0ab000-7f3d6f0ac000 rw-p 00006000 08:01 939062                     /app/idea-IC/jbr/lib/libjimage.so
7f3d6f0ac000-7f3d6f0b3000 r-xp 00000000 08:01 939104                     /app/idea-IC/jbr/lib/libzip.so
7f3d6f0b3000-7f3d6f2b2000 ---p 00007000 08:01 939104                     /app/idea-IC/jbr/lib/libzip.so
7f3d6f2b2000-7f3d6f2b3000 r--p 00006000 08:01 939104                     /app/idea-IC/jbr/lib/libzip.so
7f3d6f2b3000-7f3d6f2b4000 rw-p 00007000 08:01 939104                     /app/idea-IC/jbr/lib/libzip.so
7f3d6f2b4000-7f3d6f2b7000 r--p 00000000 08:01 719592                     /usr/lib/x86_64-linux-gnu/libnss_files-2.28.so
7f3d6f2b7000-7f3d6f2be000 r-xp 00003000 08:01 719592                     /usr/lib/x86_64-linux-gnu/libnss_files-2.28.so
7f3d6f2be000-7f3d6f2c0000 r--p 0000a000 08:01 719592                     /usr/lib/x86_64-linux-gnu/libnss_files-2.28.so
7f3d6f2c0000-7f3d6f2c1000 r--p 0000c000 08:01 719592                     /usr/lib/x86_64-linux-gnu/libnss_files-2.28.so
7f3d6f2c1000-7f3d6f2c2000 rw-p 0000d000 08:01 719592                     /usr/lib/x86_64-linux-gnu/libnss_files-2.28.so
7f3d6f2c2000-7f3d6f2c8000 rw-p 00000000 00:00 0 
7f3d6f2ce000-7f3d6f2d3000 rw-p 00000000 00:00 0 
7f3d6f2d3000-7f3d6f2da000 ---p 00000000 00:00 0 
7f3d6f2da000-7f3d6f2e4000 r-xp 00000000 08:01 939030                     /app/idea-IC/jbr/lib/libinstrument.so
7f3d6f2e4000-7f3d6f4e3000 ---p 0000a000 08:01 939030                     /app/idea-IC/jbr/lib/libinstrument.so
7f3d6f4e3000-7f3d6f4e4000 r--p 00009000 08:01 939030                     /app/idea-IC/jbr/lib/libinstrument.so
7f3d6f4e4000-7f3d6f4e5000 rw-p 0000a000 08:01 939030                     /app/idea-IC/jbr/lib/libinstrument.so
7f3d6f4e5000-7f3d6f50e000 r-xp 00000000 08:01 939039                     /app/idea-IC/jbr/lib/libjava.so
7f3d6f50e000-7f3d6f70d000 ---p 00029000 08:01 939039                     /app/idea-IC/jbr/lib/libjava.so
7f3d6f70d000-7f3d6f70e000 r--p 00028000 08:01 939039                     /app/idea-IC/jbr/lib/libjava.so
7f3d6f70e000-7f3d6f710000 rw-p 00029000 08:01 939039                     /app/idea-IC/jbr/lib/libjava.so
7f3d6f710000-7f3d6f71d000 r-xp 00000000 08:01 939097                     /app/idea-IC/jbr/lib/libverify.so
7f3d6f71d000-7f3d6f91c000 ---p 0000d000 08:01 939097                     /app/idea-IC/jbr/lib/libverify.so
7f3d6f91c000-7f3d6f91e000 r--p 0000c000 08:01 939097                     /app/idea-IC/jbr/lib/libverify.so
7f3d6f91e000-7f3d6f91f000 rw-p 0000e000 08:01 939097                     /app/idea-IC/jbr/lib/libverify.so
7f3d6f91f000-7f3d6f921000 r--p 00000000 08:01 719754                     /usr/lib/x86_64-linux-gnu/librt-2.28.so
7f3d6f921000-7f3d6f925000 r-xp 00002000 08:01 719754                     /usr/lib/x86_64-linux-gnu/librt-2.28.so
7f3d6f925000-7f3d6f927000 r--p 00006000 08:01 719754                     /usr/lib/x86_64-linux-gnu/librt-2.28.so
7f3d6f927000-7f3d6f928000 r--p 00007000 08:01 719754                     /usr/lib/x86_64-linux-gnu/librt-2.28.so
7f3d6f928000-7f3d6f929000 rw-p 00008000 08:01 719754                     /usr/lib/x86_64-linux-gnu/librt-2.28.so
7f3d6f929000-7f3d6f92d000 ---p 00000000 00:00 0 
7f3d6f92d000-7f3d6fa2a000 rw-p 00000000 00:00 0 
7f3d6fa2a000-7f3d6fa2d000 r--p 00000000 08:01 719172                     /usr/lib/x86_64-linux-gnu/libgcc_s.so.1
7f3d6fa2d000-7f3d6fa3f000 r-xp 00003000 08:01 719172                     /usr/lib/x86_64-linux-gnu/libgcc_s.so.1
7f3d6fa3f000-7f3d6fa42000 r--p 00015000 08:01 719172                     /usr/lib/x86_64-linux-gnu/libgcc_s.so.1
7f3d6fa42000-7f3d6fa43000 ---p 00018000 08:01 719172                     /usr/lib/x86_64-linux-gnu/libgcc_s.so.1
7f3d6fa43000-7f3d6fa44000 r--p 00018000 08:01 719172                     /usr/lib/x86_64-linux-gnu/libgcc_s.so.1
7f3d6fa44000-7f3d6fa45000 rw-p 00019000 08:01 719172                     /usr/lib/x86_64-linux-gnu/libgcc_s.so.1
7f3d6fa45000-7f3d6fa52000 r--p 00000000 08:01 719522                     /usr/lib/x86_64-linux-gnu/libm-2.28.so
7f3d6fa52000-7f3d6faf7000 r-xp 0000d000 08:01 719522                     /usr/lib/x86_64-linux-gnu/libm-2.28.so
7f3d6faf7000-7f3d6fbce000 r--p 000b2000 08:01 719522                     /usr/lib/x86_64-linux-gnu/libm-2.28.so
7f3d6fbce000-7f3d6fbcf000 r--p 00188000 08:01 719522                     /usr/lib/x86_64-linux-gnu/libm-2.28.so
7f3d6fbcf000-7f3d6fbd0000 rw-p 00189000 08:01 719522                     /usr/lib/x86_64-linux-gnu/libm-2.28.so
7f3d6fbd0000-7f3d6fc61000 r--p 00000000 08:01 719854                     /usr/lib/x86_64-linux-gnu/libstdc++.so.6.0.25
7f3d6fc61000-7f3d6fd1e000 r-xp 00091000 08:01 719854                     /usr/lib/x86_64-linux-gnu/libstdc++.so.6.0.25
7f3d6fd1e000-7f3d6fd5e000 r--p 0014e000 08:01 719854                     /usr/lib/x86_64-linux-gnu/libstdc++.so.6.0.25
7f3d6fd5e000-7f3d6fd5f000 ---p 0018e000 08:01 719854                     /usr/lib/x86_64-linux-gnu/libstdc++.so.6.0.25
7f3d6fd5f000-7f3d6fd69000 r--p 0018e000 08:01 719854                     /usr/lib/x86_64-linux-gnu/libstdc++.so.6.0.25
7f3d6fd69000-7f3d6fd6b000 rw-p 00198000 08:01 719854                     /usr/lib/x86_64-linux-gnu/libstdc++.so.6.0.25
7f3d6fd6b000-7f3d6fd6f000 rw-p 00000000 00:00 0 
7f3d6fd6f000-7f3d70e17000 r-xp 00000000 08:01 939257                     /app/idea-IC/jbr/lib/server/libjvm.so
7f3d70e17000-7f3d71017000 ---p 010a8000 08:01 939257                     /app/idea-IC/jbr/lib/server/libjvm.so
7f3d71017000-7f3d710e5000 r--p 010a8000 08:01 939257                     /app/idea-IC/jbr/lib/server/libjvm.so
7f3d710e5000-7f3d7111f000 rw-p 01176000 08:01 939257                     /app/idea-IC/jbr/lib/server/libjvm.so
7f3d7111f000-7f3d7117a000 rw-p 00000000 00:00 0 
7f3d7117a000-7f3d7119c000 r--p 00000000 08:01 718945                     /usr/lib/x86_64-linux-gnu/libc-2.28.so
7f3d7119c000-7f3d712e9000 r-xp 00022000 08:01 718945                     /usr/lib/x86_64-linux-gnu/libc-2.28.so
7f3d712e9000-7f3d71335000 r--p 0016f000 08:01 718945                     /usr/lib/x86_64-linux-gnu/libc-2.28.so
7f3d71335000-7f3d71336000 ---p 001bb000 08:01 718945                     /usr/lib/x86_64-linux-gnu/libc-2.28.so
7f3d71336000-7f3d7133a000 r--p 001bb000 08:01 718945                     /usr/lib/x86_64-linux-gnu/libc-2.28.so
7f3d7133a000-7f3d7133c000 rw-p 001bf000 08:01 718945                     /usr/lib/x86_64-linux-gnu/libc-2.28.so
7f3d7133c000-7f3d71340000 rw-p 00000000 00:00 0 
7f3d71340000-7f3d71341000 r--p 00000000 08:01 719016                     /usr/lib/x86_64-linux-gnu/libdl-2.28.so
7f3d71341000-7f3d71343000 r-xp 00001000 08:01 719016                     /usr/lib/x86_64-linux-gnu/libdl-2.28.so
7f3d71343000-7f3d71344000 r--p 00003000 08:01 719016                     /usr/lib/x86_64-linux-gnu/libdl-2.28.so
7f3d71344000-7f3d71345000 r--p 00003000 08:01 719016                     /usr/lib/x86_64-linux-gnu/libdl-2.28.so
7f3d71345000-7f3d71346000 rw-p 00004000 08:01 719016                     /usr/lib/x86_64-linux-gnu/libdl-2.28.so
7f3d71346000-7f3d71355000 r-xp 00000000 08:01 939249                     /app/idea-IC/jbr/lib/jli/libjli.so
7f3d71355000-7f3d71554000 ---p 0000f000 08:01 939249                     /app/idea-IC/jbr/lib/jli/libjli.so
7f3d71554000-7f3d71555000 r--p 0000e000 08:01 939249                     /app/idea-IC/jbr/lib/jli/libjli.so
7f3d71555000-7f3d71556000 rw-p 0000f000 08:01 939249                     /app/idea-IC/jbr/lib/jli/libjli.so
7f3d71556000-7f3d7155c000 r--p 00000000 08:01 719721                     /usr/lib/x86_64-linux-gnu/libpthread-2.28.so
7f3d7155c000-7f3d7156c000 r-xp 00006000 08:01 719721                     /usr/lib/x86_64-linux-gnu/libpthread-2.28.so
7f3d7156c000-7f3d71572000 r--p 00016000 08:01 719721                     /usr/lib/x86_64-linux-gnu/libpthread-2.28.so
7f3d71572000-7f3d71573000 r--p 0001b000 08:01 719721                     /usr/lib/x86_64-linux-gnu/libpthread-2.28.so
7f3d71573000-7f3d71574000 rw-p 0001c000 08:01 719721                     /usr/lib/x86_64-linux-gnu/libpthread-2.28.so
7f3d71574000-7f3d71578000 rw-p 00000000 00:00 0 
7f3d71578000-7f3d7157b000 r--p 00000000 08:01 720127                     /usr/lib/x86_64-linux-gnu/libz.so.1.2.11
7f3d7157b000-7f3d71589000 r-xp 00003000 08:01 720127                     /usr/lib/x86_64-linux-gnu/libz.so.1.2.11
7f3d71589000-7f3d71590000 r--p 00011000 08:01 720127                     /usr/lib/x86_64-linux-gnu/libz.so.1.2.11
7f3d71590000-7f3d71591000 r--p 00017000 08:01 720127                     /usr/lib/x86_64-linux-gnu/libz.so.1.2.11
7f3d71591000-7f3d71592000 rw-p 00018000 08:01 720127                     /usr/lib/x86_64-linux-gnu/libz.so.1.2.11
7f3d71592000-7f3d71594000 rw-p 00000000 00:00 0 
7f3d7159c000-7f3d715a4000 rw-s 00000000 00:33 129                        /tmp/hsperfdata_curtis/186
7f3d715a4000-7f3d715a5000 ---p 00000000 00:00 0 
7f3d715a5000-7f3d715a6000 r--p 00000000 00:00 0 
7f3d715a6000-7f3d715a7000 r--p 00000000 08:01 718712                     /usr/lib/x86_64-linux-gnu/ld-2.28.so
7f3d715a7000-7f3d715c7000 r-xp 00001000 08:01 718712                     /usr/lib/x86_64-linux-gnu/ld-2.28.so
7f3d715c7000-7f3d715cf000 r--p 00021000 08:01 718712                     /usr/lib/x86_64-linux-gnu/ld-2.28.so
7f3d715d0000-7f3d715d1000 r--p 00029000 08:01 718712                     /usr/lib/x86_64-linux-gnu/ld-2.28.so
7f3d715d1000-7f3d715d2000 rw-p 0002a000 08:01 718712                     /usr/lib/x86_64-linux-gnu/ld-2.28.so
7f3d715d2000-7f3d715d3000 rw-p 00000000 00:00 0 
7ffd4a92b000-7ffd4a94c000 rw-p 00000000 00:00 0                          [stack]
7ffd4a9ee000-7ffd4a9f1000 r--p 00000000 00:00 0                          [vvar]
7ffd4a9f1000-7ffd4a9f3000 r-xp 00000000 00:00 0                          [vdso]
ffffffffff600000-ffffffffff601000 r-xp 00000000 00:00 0                  [vsyscall]


VM Arguments:
jvm_args: -Djava.io.tmpdir=/home/curtis/.var/app/com.jetbrains.IntelliJ-IDEA-Community/cache/tmp/ -Xms8g -Xmx8g -javaagent:/app/idea-IC/lib/idea_rt.jar=41163:/app/idea-IC/bin -Dfile.encoding=UTF-8 
java_command: csc482.ThreeSum
java_class_path (initial): /home/curtis/IdeaProjects/ThreeSum/out/production/ThreeSum
Launcher Type: SUN_STANDARD

[Global flags]
     intx CICompilerCount                          = 2                                         {product} {ergonomic}
   size_t InitialHeapSize                          = 8589934592                                {product} {command line}
   size_t MaxHeapSize                              = 8589934592                                {product} {command line}
   size_t MaxNewSize                               = 2863267840                                {product} {ergonomic}
   size_t MinHeapDeltaBytes                        = 196608                                    {product} {ergonomic}
   size_t NewSize                                  = 2863267840                                {product} {ergonomic}
    uintx NonNMethodCodeHeapSize                   = 5824844                                {pd product} {ergonomic}
    uintx NonProfiledCodeHeapSize                  = 122916698                              {pd product} {ergonomic}
   size_t OldSize                                  = 5726666752                                {product} {ergonomic}
    uintx ProfiledCodeHeapSize                     = 122916698                              {pd product} {ergonomic}
    uintx ReservedCodeCacheSize                    = 251658240                              {pd product} {ergonomic}
     bool SegmentedCodeCache                       = true                                      {product} {ergonomic}
     bool UseCompressedClassPointers               = true                                 {lp64_product} {ergonomic}
     bool UseCompressedOops                        = true                                 {lp64_product} {ergonomic}
     bool UseSerialGC                              = true                                      {product} {ergonomic}

Logging:
Log output configuration:
 #0: stdout all=warning uptime,level,tags
 #1: stderr all=off uptime,level,tags

Environment Variables:
JAVA_TOOL_OPTIONS=-Djava.io.tmpdir=/home/curtis/.var/app/com.jetbrains.IntelliJ-IDEA-Community/cache/tmp/
PATH=/app/bin:/usr/bin
SHELL=/bin/sh
DISPLAY=:99.0

Signal Handlers:
SIGSEGV: [libjvm.so+0xd97a90], sa_mask[0]=11111111011111111101111111111110, sa_flags=SA_RESTART|SA_SIGINFO
SIGBUS: [libjvm.so+0xd97a90], sa_mask[0]=11111111011111111101111111111110, sa_flags=SA_RESTART|SA_SIGINFO
SIGFPE: [libjvm.so+0xd97a90], sa_mask[0]=11111111011111111101111111111110, sa_flags=SA_RESTART|SA_SIGINFO
SIGPIPE: [libjvm.so+0xb99ae0], sa_mask[0]=11111111011111111101111111111110, sa_flags=SA_RESTART|SA_SIGINFO
SIGXFSZ: [libjvm.so+0xb99ae0], sa_mask[0]=11111111011111111101111111111110, sa_flags=SA_RESTART|SA_SIGINFO
SIGILL: [libjvm.so+0xd97a90], sa_mask[0]=11111111011111111101111111111110, sa_flags=SA_RESTART|SA_SIGINFO
SIGUSR2: [libjvm.so+0xb99980], sa_mask[0]=00100000000000000000000000000000, sa_flags=SA_RESTART|SA_SIGINFO
SIGHUP: SIG_DFL, sa_mask[0]=00000000000000000000000000000000, sa_flags=none
SIGINT: SIG_DFL, sa_mask[0]=00000000000000000000000000000000, sa_flags=none
SIGTERM: SIG_DFL, sa_mask[0]=00000000000000000000000000000000, sa_flags=none
SIGQUIT: SIG_DFL, sa_mask[0]=00000000000000000000000000000000, sa_flags=none


---------------  S Y S T E M  ---------------

OS:NAME=Freedesktop.org
VERSION="18.08.36 (Flatpak runtime)"
VERSION_ID=18.08.36
ID=org.freedesktop.platform
PRETTY_NAME="Freedesktop.org 18.08.36 (Flatpak runtime)"
BUG_REPORT_URL=https://gitlab.com/freedesktop-sdk/freedesktop-sdk/issuesuname:Linux 4.15.0-54-generic #58-Ubuntu SMP Mon Jun 24 10:55:24 UTC 2019 x86_64
libc:glibc 2.28 NPTL 2.28 
rlimit: STACK 8192k, CORE 0k, NPROC 15533, NOFILE 1048576, AS infinity, DATA infinity, FSIZE infinity
load average:7.28 5.08 2.33

/proc/meminfo:
MemTotal:        4039700 kB
MemFree:          281956 kB
MemAvailable:    2330820 kB
Buffers:           84896 kB
Cached:          2105640 kB
SwapCached:            0 kB
Active:          1351064 kB
Inactive:        2100300 kB
Active(anon):    1053180 kB
Inactive(anon):   219168 kB
Active(file):     297884 kB
Inactive(file):  1881132 kB
Unevictable:           0 kB
Mlocked:               0 kB
SwapTotal:       1562240 kB
SwapFree:        1562240 kB
Dirty:            210148 kB
Writeback:             0 kB
AnonPages:       1260948 kB
Mapped:           308300 kB
Shmem:             11408 kB
Slab:             177424 kB
SReclaimable:     145828 kB
SUnreclaim:        31596 kB
KernelStack:        6448 kB
PageTables:        30792 kB
NFS_Unstable:          0 kB
Bounce:                0 kB
WritebackTmp:          0 kB
CommitLimit:     3582088 kB
Committed_AS:    6347844 kB
VmallocTotal:   34359738367 kB
VmallocUsed:           0 kB
VmallocChunk:          0 kB
HardwareCorrupted:     0 kB
AnonHugePages:         0 kB
ShmemHugePages:        0 kB
ShmemPmdMapped:        0 kB
CmaTotal:              0 kB
CmaFree:               0 kB
HugePages_Total:       0
HugePages_Free:        0
HugePages_Rsvd:        0
HugePages_Surp:        0
Hugepagesize:       2048 kB
DirectMap4k:      108480 kB
DirectMap2M:     4085760 kB


/proc/sys/kernel/threads-max (system-wide limit on the number of threads):
31067


/proc/sys/vm/max_map_count (maximum number of memory map areas a process may have):
65530


/proc/sys/kernel/pid_max (system-wide limit on number of process identifiers):
32768




CPU:total 1 (initial active 1) (1 cores per cpu, 1 threads per core) family 6 model 78 stepping 3, cmov, cx8, fxsr, mmx, sse, sse2, sse3, ssse3, sse4.1, sse4.2, popcnt, avx, avx2, aes, clmul, 3dnowpref, lzcnt, tsc, tscinvbit
CPU Model and flags from /proc/cpuinfo:
model name	: Intel(R) Core(TM) i5-6200U CPU @ 2.30GHz
flags		: fpu vme de pse tsc msr pae mce cx8 apic sep mtrr pge mca cmov pat pse36 clflush mmx fxsr sse sse2 ht syscall nx rdtscp lm constant_tsc rep_good nopl xtopology nonstop_tsc cpuid tsc_known_freq pni pclmulqdq monitor ssse3 cx16 pcid sse4_1 sse4_2 x2apic movbe popcnt aes xsave avx rdrand hypervisor lahf_lm abm 3dnowprefetch invpcid_single pti fsgsbase avx2 invpcid rdseed clflushopt flush_l1d

Memory: 4k page, physical 4039700k(281956k free), swap 1562240k(1562240k free)

vm_info: OpenJDK 64-Bit Server VM (11.0.3+12-b304.56) for linux-amd64 JRE (11.0.3+12-b304.56), built on Sep  3 2019 08:12:35 by "" with gcc 4.8.5 20150623 (Red Hat 4.8.5-28)

END.
